{"step":"encryption","duration":0.000092,"file":"RipVanWinkle"}
{"step":"decryption","duration":0.000073,"file":"RipVanWinkle"}
{"step":"encryption","duration":0.000092,"file":"RipVanWinkle"}
{"step":"decryption","duration":0.000046,"file":"RipVanWinkle"}
{"step":"encryption","duration":0.000089,"file":"RipVanWinkle"}
{"step":"decryption","duration":0.000045,"file":"RipVanWinkle"}
{"step":"encryption","duration":0.000090,"file":"RipVanWinkle"}
{"step":"decryption","duration":0.000044,"file":"RipVanWinkle"}
{"step":"encryption","duration":0.000143,"file":"RipVanWinkle"}
{"step":"decryption","duration":0.000109,"file":"RipVanWinkle"}
{"step":"encryption","duration":0.000092,"file":"RipVanWinkle"}
{"step":"decryption","duration":0.000045,"file":"RipVanWinkle"}
{"step":"encryption","duration":0.000092,"file":"RipVanWinkle"}
{"step":"decryption","duration":0.000048,"file":"RipVanWinkle"}
{"step":"encryption","duration":0.000091,"file":"RipVanWinkle"}
{"step":"decryption","duration":0.000045,"file":"RipVanWinkle"}
{"step":"encryption","duration":0.000108,"file":"RipVanWinkle"}
{"step":"decryption","duration":0.000049,"file":"RipVanWinkle"}
{"step":"encryption","duration":0.000092,"file":"RipVanWinkle"}
{"step":"decryption","duration":0.000044,"file":"RipVanWinkle"}
{"step":"encryption","duration":0.000422,"file":"BlackBeauty"}
{"step":"decryption","duration":0.000195,"file":"BlackBeauty"}
{"step":"encryption","duration":0.000446,"file":"BlackBeauty"}
{"step":"decryption","duration":0.000194,"file":"BlackBeauty"}
{"step":"encryption","duration":0.000424,"file":"BlackBeauty"}
{"step":"decryption","duration":0.000192,"file":"BlackBeauty"}
{"step":"encryption","duration":0.000543,"file":"BlackBeauty"}
{"step":"decryption","duration":0.000250,"file":"BlackBeauty"}
{"step":"encryption","duration":0.000437,"file":"BlackBeauty"}
{"step":"decryption","duration":0.000214,"file":"BlackBeauty"}
{"step":"encryption","duration":0.000418,"file":"BlackBeauty"}
{"step":"decryption","duration":0.000184,"file":"BlackBeauty"}
{"step":"encryption","duration":0.000426,"file":"BlackBeauty"}
{"step":"decryption","duration":0.000206,"file":"BlackBeauty"}
{"step":"encryption","duration":0.000468,"file":"BlackBeauty"}
{"step":"decryption","duration":0.000224,"file":"BlackBeauty"}
{"step":"encryption","duration":0.000619,"file":"BlackBeauty"}
{"step":"decryption","duration":0.000237,"file":"BlackBeauty"}
{"step":"encryption","duration":0.000629,"file":"BlackBeauty"}
{"step":"decryption","duration":0.000229,"file":"BlackBeauty"}
{"step":"encryption","duration":0.004044,"file":"TheBrothersKaramazov"}
{"step":"decryption","duration":0.001337,"file":"TheBrothersKaramazov"}
{"step":"encryption","duration":0.003660,"file":"TheBrothersKaramazov"}
{"step":"decryption","duration":0.002018,"file":"TheBrothersKaramazov"}
{"step":"encryption","duration":0.002572,"file":"TheBrothersKaramazov"}
{"step":"decryption","duration":0.001286,"file":"TheBrothersKaramazov"}
{"step":"encryption","duration":0.002575,"file":"TheBrothersKaramazov"}
{"step":"decryption","duration":0.001175,"file":"TheBrothersKaramazov"}
{"step":"encryption","duration":0.002877,"file":"TheBrothersKaramazov"}
{"step":"decryption","duration":0.001274,"file":"TheBrothersKaramazov"}
{"step":"encryption","duration":0.003226,"file":"TheBrothersKaramazov"}
{"step":"decryption","duration":0.001944,"file":"TheBrothersKaramazov"}
{"step":"encryption","duration":0.002558,"file":"TheBrothersKaramazov"}
{"step":"decryption","duration":0.001192,"file":"TheBrothersKaramazov"}
{"step":"encryption","duration":0.002740,"file":"TheBrothersKaramazov"}
{"step":"decryption","duration":0.001293,"file":"TheBrothersKaramazov"}
{"step":"encryption","duration":0.003198,"file":"TheBrothersKaramazov"}
{"step":"decryption","duration":0.001216,"file":"TheBrothersKaramazov"}
{"step":"encryption","duration":0.002595,"file":"TheBrothersKaramazov"}
{"step":"decryption","duration":0.002325,"file":"TheBrothersKaramazov"}
